<?xml version="1.0" encoding="UTF-8"?>
<!-- Generated by org.testng.reporters.JUnitReportReporter -->
<testsuite hostname="Rajiv" failures="0" tests="2" name="com.mydevOps2.MyTestClass" time="0.023" errors="0" timestamp="2022-12-15T20:31:48 IST" skipped="0">
  <testcase classname="com.mydevOps2.MyTestClass" name="test1" time="0.021"/>
  <system-out/>
  <testcase classname="com.mydevOps2.MyTestClass" name="test2" time="0.002"/>
  <system-out/>
</testsuite> <!-- com.mydevOps2.MyTestClass -->
