<?xml version="1.0" encoding="UTF-8"?>
<!-- Generated by org.testng.reporters.JUnitReportReporter -->
<testsuite hostname="Rajiv" failures="0" tests="2" name="com.mydevOps.MyTestClass" time="0.024" errors="0" timestamp="2022-12-15T22:43:46 IST" skipped="0">
  <testcase classname="com.mydevOps.MyTestClass" name="test2" time="0.002"/>
  <system-out/>
  <testcase classname="com.mydevOps.MyTestClass" name="test1" time="0.022"/>
  <system-out/>
</testsuite> <!-- com.mydevOps.MyTestClass -->
